{"level":50,"time":1677872912227,"pid":7316,"hostname":"DESKTOP-G8F9RK0","msg":"la tabla \"productos\" ya existe. no se realizaron cambios"}
{"level":50,"time":1677872912231,"pid":7316,"hostname":"DESKTOP-G8F9RK0","msg":"la tabla \"chat\" ya existe. no se realizaron cambios"}
{"level":50,"time":1677873041429,"pid":7676,"hostname":"DESKTOP-G8F9RK0","msg":"la tabla \"productos\" ya existe. no se realizaron cambios"}
{"level":50,"time":1677873041433,"pid":7676,"hostname":"DESKTOP-G8F9RK0","msg":"la tabla \"chat\" ya existe. no se realizaron cambios"}
{"level":50,"time":1677873056784,"pid":2808,"hostname":"DESKTOP-G8F9RK0","msg":"la tabla \"productos\" ya existe. no se realizaron cambios"}
{"level":50,"time":1677873056787,"pid":2808,"hostname":"DESKTOP-G8F9RK0","msg":"la tabla \"chat\" ya existe. no se realizaron cambios"}
{"level":50,"time":1677873178110,"pid":7996,"hostname":"DESKTOP-G8F9RK0","msg":"la tabla \"productos\" ya existe. no se realizaron cambios"}
{"level":50,"time":1677873178113,"pid":7996,"hostname":"DESKTOP-G8F9RK0","msg":"la tabla \"chat\" ya existe. no se realizaron cambios"}
{"level":40,"time":1677873213348,"pid":11888,"hostname":"DESKTOP-G8F9RK0","msg":"la tabla \"productos\" ya existe. no se realizaron cambios"}
{"level":40,"time":1677873213352,"pid":11888,"hostname":"DESKTOP-G8F9RK0","msg":"la tabla \"chat\" ya existe. no se realizaron cambios"}
{"level":40,"time":1677873303725,"pid":12104,"hostname":"DESKTOP-G8F9RK0","msg":"la tabla \"productos\" ya existe. no se realizaron cambios"}
{"level":40,"time":1677873303729,"pid":12104,"hostname":"DESKTOP-G8F9RK0","msg":"la tabla \"chat\" ya existe. no se realizaron cambios"}
{"level":40,"time":1677873679624,"pid":1596,"hostname":"DESKTOP-G8F9RK0","msg":"la tabla \"productos\" ya existe. no se realizaron cambios"}
{"level":40,"time":1677873679626,"pid":1596,"hostname":"DESKTOP-G8F9RK0","msg":"la tabla \"chat\" ya existe. no se realizaron cambios"}
{"level":40,"time":1677873704075,"pid":5964,"hostname":"DESKTOP-G8F9RK0","msg":"la tabla \"productos\" ya existe. no se realizaron cambios"}
{"level":40,"time":1677873704077,"pid":5964,"hostname":"DESKTOP-G8F9RK0","msg":"la tabla \"chat\" ya existe. no se realizaron cambios"}
{"level":40,"time":1677873737973,"pid":12620,"hostname":"DESKTOP-G8F9RK0","msg":"la tabla \"productos\" ya existe. no se realizaron cambios"}
{"level":40,"time":1677873737975,"pid":12620,"hostname":"DESKTOP-G8F9RK0","msg":"la tabla \"chat\" ya existe. no se realizaron cambios"}
{"level":40,"time":1677873958938,"pid":2940,"hostname":"DESKTOP-G8F9RK0","msg":"la tabla \"productos\" ya existe. no se realizaron cambios"}
{"level":40,"time":1677873958941,"pid":2940,"hostname":"DESKTOP-G8F9RK0","msg":"la tabla \"chat\" ya existe. no se realizaron cambios"}
{"level":40,"time":1677874060354,"pid":10168,"hostname":"DESKTOP-G8F9RK0","msg":"la tabla \"productos\" ya existe. no se realizaron cambios"}
{"level":40,"time":1677874060356,"pid":10168,"hostname":"DESKTOP-G8F9RK0","msg":"la tabla \"chat\" ya existe. no se realizaron cambios"}
{"level":40,"time":1677874121126,"pid":9688,"hostname":"DESKTOP-G8F9RK0","msg":"la tabla \"productos\" ya existe. no se realizaron cambios"}
{"level":40,"time":1677874121130,"pid":9688,"hostname":"DESKTOP-G8F9RK0","msg":"la tabla \"chat\" ya existe. no se realizaron cambios"}
{"level":40,"time":1677874206166,"pid":6304,"hostname":"DESKTOP-G8F9RK0","msg":"la tabla \"productos\" ya existe. no se realizaron cambios"}
{"level":40,"time":1677874206168,"pid":6304,"hostname":"DESKTOP-G8F9RK0","msg":"la tabla \"chat\" ya existe. no se realizaron cambios"}
{"level":40,"time":1677874317810,"pid":12224,"hostname":"DESKTOP-G8F9RK0","msg":"la tabla \"productos\" ya existe. no se realizaron cambios"}
{"level":40,"time":1677874317812,"pid":12224,"hostname":"DESKTOP-G8F9RK0","msg":"la tabla \"chat\" ya existe. no se realizaron cambios"}
{"level":40,"time":1677874470994,"pid":10500,"hostname":"DESKTOP-G8F9RK0","msg":"la tabla \"productos\" ya existe. no se realizaron cambios"}
{"level":40,"time":1677874470997,"pid":10500,"hostname":"DESKTOP-G8F9RK0","msg":"la tabla \"chat\" ya existe. no se realizaron cambios"}
{"level":40,"time":1677874483225,"pid":1696,"hostname":"DESKTOP-G8F9RK0","msg":"la tabla \"productos\" ya existe. no se realizaron cambios"}
{"level":40,"time":1677874483228,"pid":1696,"hostname":"DESKTOP-G8F9RK0","msg":"la tabla \"chat\" ya existe. no se realizaron cambios"}
{"level":40,"time":1677875038557,"pid":12816,"hostname":"DESKTOP-G8F9RK0","msg":"la tabla \"productos\" ya existe. no se realizaron cambios"}
{"level":40,"time":1677875038561,"pid":12816,"hostname":"DESKTOP-G8F9RK0","msg":"la tabla \"chat\" ya existe. no se realizaron cambios"}
{"level":40,"time":1677875059273,"pid":9504,"hostname":"DESKTOP-G8F9RK0","msg":"la tabla \"productos\" ya existe. no se realizaron cambios"}
{"level":40,"time":1677875059276,"pid":9504,"hostname":"DESKTOP-G8F9RK0","msg":"la tabla \"chat\" ya existe. no se realizaron cambios"}
{"level":40,"time":1677875280828,"pid":11648,"hostname":"DESKTOP-G8F9RK0","msg":"la tabla \"productos\" ya existe. no se realizaron cambios"}
{"level":40,"time":1677875280830,"pid":11648,"hostname":"DESKTOP-G8F9RK0","msg":"la tabla \"chat\" ya existe. no se realizaron cambios"}
{"level":40,"time":1677875816961,"pid":12180,"hostname":"DESKTOP-G8F9RK0","msg":"la tabla \"productos\" ya existe. no se realizaron cambios"}
{"level":40,"time":1677875816974,"pid":12180,"hostname":"DESKTOP-G8F9RK0","msg":"la tabla \"chat\" ya existe. no se realizaron cambios"}
{"level":40,"time":1677875949212,"pid":10080,"hostname":"DESKTOP-G8F9RK0","msg":"la tabla \"productos\" ya existe. no se realizaron cambios"}
{"level":40,"time":1677875949214,"pid":10080,"hostname":"DESKTOP-G8F9RK0","msg":"la tabla \"chat\" ya existe. no se realizaron cambios"}
{"level":40,"time":1677876213221,"pid":11720,"hostname":"DESKTOP-G8F9RK0","msg":"la tabla \"productos\" ya existe. no se realizaron cambios"}
{"level":40,"time":1677876213223,"pid":11720,"hostname":"DESKTOP-G8F9RK0","msg":"la tabla \"chat\" ya existe. no se realizaron cambios"}
{"level":40,"time":1677876564403,"pid":4972,"hostname":"DESKTOP-G8F9RK0","msg":"la tabla \"productos\" ya existe. no se realizaron cambios"}
{"level":40,"time":1677876564406,"pid":4972,"hostname":"DESKTOP-G8F9RK0","msg":"la tabla \"chat\" ya existe. no se realizaron cambios"}
{"level":40,"time":1677876651241,"pid":10404,"hostname":"DESKTOP-G8F9RK0","msg":"la tabla \"productos\" ya existe. no se realizaron cambios"}
{"level":40,"time":1677876651244,"pid":10404,"hostname":"DESKTOP-G8F9RK0","msg":"la tabla \"chat\" ya existe. no se realizaron cambios"}
{"level":40,"time":1677876823888,"pid":9268,"hostname":"DESKTOP-G8F9RK0","msg":"la tabla \"productos\" ya existe. no se realizaron cambios"}
{"level":40,"time":1677876823891,"pid":9268,"hostname":"DESKTOP-G8F9RK0","msg":"la tabla \"chat\" ya existe. no se realizaron cambios"}
{"level":40,"time":1677877019607,"pid":2700,"hostname":"DESKTOP-G8F9RK0","msg":"la tabla \"productos\" ya existe. no se realizaron cambios"}
{"level":40,"time":1677877019610,"pid":2700,"hostname":"DESKTOP-G8F9RK0","msg":"la tabla \"chat\" ya existe. no se realizaron cambios"}
{"level":40,"time":1677877246051,"pid":6408,"hostname":"DESKTOP-G8F9RK0","msg":"la tabla \"productos\" ya existe. no se realizaron cambios"}
{"level":40,"time":1677877246054,"pid":6408,"hostname":"DESKTOP-G8F9RK0","msg":"la tabla \"chat\" ya existe. no se realizaron cambios"}
{"level":40,"time":1677877397602,"pid":8056,"hostname":"DESKTOP-G8F9RK0","msg":"la tabla \"productos\" ya existe. no se realizaron cambios"}
{"level":40,"time":1677877397605,"pid":8056,"hostname":"DESKTOP-G8F9RK0","msg":"la tabla \"chat\" ya existe. no se realizaron cambios"}
{"level":40,"time":1677877683373,"pid":13844,"hostname":"DESKTOP-G8F9RK0","msg":"la tabla \"productos\" ya existe. no se realizaron cambios"}
{"level":40,"time":1677877683430,"pid":13844,"hostname":"DESKTOP-G8F9RK0","msg":"la tabla \"chat\" ya existe. no se realizaron cambios"}
{"level":40,"time":1677877712031,"pid":13844,"hostname":"DESKTOP-G8F9RK0","msg":"No hay usuario logueado"}
{"level":40,"time":1677877806262,"pid":13844,"hostname":"DESKTOP-G8F9RK0","msg":"No hay usuario logueado"}
{"level":40,"time":1677877955022,"pid":7076,"hostname":"DESKTOP-G8F9RK0","msg":"la tabla \"productos\" ya existe. no se realizaron cambios"}
{"level":40,"time":1677877955025,"pid":7076,"hostname":"DESKTOP-G8F9RK0","msg":"la tabla \"chat\" ya existe. no se realizaron cambios"}
{"level":40,"time":1677877977589,"pid":7076,"hostname":"DESKTOP-G8F9RK0","msg":"no se encontró producto con ese id (fe6a0bda-273d-4ed0-a91f-9286e30cb3ca"}
{"level":40,"time":1677878223747,"pid":7076,"hostname":"DESKTOP-G8F9RK0","msg":"No hay usuario logueado"}
{"level":40,"time":1677878532836,"pid":13344,"hostname":"DESKTOP-G8F9RK0","msg":"la tabla \"productos\" ya existe. no se realizaron cambios"}
{"level":40,"time":1677878532840,"pid":13344,"hostname":"DESKTOP-G8F9RK0","msg":"la tabla \"chat\" ya existe. no se realizaron cambios"}
{"level":40,"time":1677932698079,"pid":13416,"hostname":"DESKTOP-G8F9RK0","msg":"la tabla \"productos\" ya existe. no se realizaron cambios"}
{"level":40,"time":1677932698082,"pid":13416,"hostname":"DESKTOP-G8F9RK0","msg":"la tabla \"chat\" ya existe. no se realizaron cambios"}
{"level":40,"time":1677933018764,"pid":2216,"hostname":"DESKTOP-G8F9RK0","msg":"la tabla \"productos\" ya existe. no se realizaron cambios"}
{"level":40,"time":1677933018766,"pid":2216,"hostname":"DESKTOP-G8F9RK0","msg":"la tabla \"chat\" ya existe. no se realizaron cambios"}
{"level":40,"time":1677933125873,"pid":3480,"hostname":"DESKTOP-G8F9RK0","msg":"la tabla \"productos\" ya existe. no se realizaron cambios"}
{"level":40,"time":1677933125876,"pid":3480,"hostname":"DESKTOP-G8F9RK0","msg":"la tabla \"chat\" ya existe. no se realizaron cambios"}
{"level":50,"time":1677933130506,"pid":3480,"hostname":"DESKTOP-G8F9RK0","msg":"User already exists"}
{"level":40,"time":1677933206659,"pid":14248,"hostname":"DESKTOP-G8F9RK0","msg":"la tabla \"productos\" ya existe. no se realizaron cambios"}
{"level":40,"time":1677933206661,"pid":14248,"hostname":"DESKTOP-G8F9RK0","msg":"la tabla \"chat\" ya existe. no se realizaron cambios"}
{"level":40,"time":1677933234911,"pid":9488,"hostname":"DESKTOP-G8F9RK0","msg":"la tabla \"productos\" ya existe. no se realizaron cambios"}
{"level":40,"time":1677933234914,"pid":9488,"hostname":"DESKTOP-G8F9RK0","msg":"la tabla \"chat\" ya existe. no se realizaron cambios"}
{"level":40,"time":1677933301302,"pid":6120,"hostname":"DESKTOP-G8F9RK0","msg":"la tabla \"productos\" ya existe. no se realizaron cambios"}
{"level":40,"time":1677933301304,"pid":6120,"hostname":"DESKTOP-G8F9RK0","msg":"la tabla \"chat\" ya existe. no se realizaron cambios"}
{"level":40,"time":1677933316639,"pid":14208,"hostname":"DESKTOP-G8F9RK0","msg":"la tabla \"productos\" ya existe. no se realizaron cambios"}
{"level":40,"time":1677933316643,"pid":14208,"hostname":"DESKTOP-G8F9RK0","msg":"la tabla \"chat\" ya existe. no se realizaron cambios"}
{"level":40,"time":1677933524453,"pid":12576,"hostname":"DESKTOP-G8F9RK0","msg":"la tabla \"productos\" ya existe. no se realizaron cambios"}
{"level":40,"time":1677933524455,"pid":12576,"hostname":"DESKTOP-G8F9RK0","msg":"la tabla \"chat\" ya existe. no se realizaron cambios"}
{"level":40,"time":1677933820985,"pid":13576,"hostname":"DESKTOP-G8F9RK0","msg":"la tabla \"productos\" ya existe. no se realizaron cambios"}
{"level":40,"time":1677933820990,"pid":13576,"hostname":"DESKTOP-G8F9RK0","msg":"la tabla \"chat\" ya existe. no se realizaron cambios"}
{"level":40,"time":1677934319949,"pid":8524,"hostname":"DESKTOP-G8F9RK0","msg":"la tabla \"productos\" ya existe. no se realizaron cambios"}
{"level":40,"time":1677934319952,"pid":8524,"hostname":"DESKTOP-G8F9RK0","msg":"la tabla \"chat\" ya existe. no se realizaron cambios"}
{"level":40,"time":1677934456284,"pid":3564,"hostname":"DESKTOP-G8F9RK0","msg":"la tabla \"productos\" ya existe. no se realizaron cambios"}
{"level":40,"time":1677934456286,"pid":3564,"hostname":"DESKTOP-G8F9RK0","msg":"la tabla \"chat\" ya existe. no se realizaron cambios"}
{"level":40,"time":1677934531578,"pid":4552,"hostname":"DESKTOP-G8F9RK0","msg":"la tabla \"productos\" ya existe. no se realizaron cambios"}
{"level":40,"time":1677934531580,"pid":4552,"hostname":"DESKTOP-G8F9RK0","msg":"la tabla \"chat\" ya existe. no se realizaron cambios"}
{"level":40,"time":1677934566891,"pid":11112,"hostname":"DESKTOP-G8F9RK0","msg":"la tabla \"productos\" ya existe. no se realizaron cambios"}
{"level":40,"time":1677934566895,"pid":11112,"hostname":"DESKTOP-G8F9RK0","msg":"la tabla \"chat\" ya existe. no se realizaron cambios"}
{"level":40,"time":1677934683217,"pid":9220,"hostname":"DESKTOP-G8F9RK0","msg":"la tabla \"productos\" ya existe. no se realizaron cambios"}
{"level":40,"time":1677934683220,"pid":9220,"hostname":"DESKTOP-G8F9RK0","msg":"la tabla \"chat\" ya existe. no se realizaron cambios"}
{"level":40,"time":1677934869702,"pid":2084,"hostname":"DESKTOP-G8F9RK0","msg":"la tabla \"productos\" ya existe. no se realizaron cambios"}
{"level":40,"time":1677934869745,"pid":2084,"hostname":"DESKTOP-G8F9RK0","msg":"la tabla \"chat\" ya existe. no se realizaron cambios"}
{"level":50,"time":1677934881736,"pid":2084,"hostname":"DESKTOP-G8F9RK0","errno":-4078,"code":"ESOCKET","syscall":"connect","address":"127.0.0.1","port":587,"command":"CONN","stack":"Error: connect ECONNREFUSED 127.0.0.1:587\n    at TCPConnectWrap.afterConnect [as oncomplete] (node:net:1247:16)","type":"Error","msg":"connect ECONNREFUSED 127.0.0.1:587"}
{"level":40,"time":1677934957587,"pid":11088,"hostname":"DESKTOP-G8F9RK0","msg":"la tabla \"productos\" ya existe. no se realizaron cambios"}
{"level":40,"time":1677934957590,"pid":11088,"hostname":"DESKTOP-G8F9RK0","msg":"la tabla \"chat\" ya existe. no se realizaron cambios"}
{"level":40,"time":1677935267513,"pid":14168,"hostname":"DESKTOP-G8F9RK0","msg":"la tabla \"productos\" ya existe. no se realizaron cambios"}
{"level":40,"time":1677935267516,"pid":14168,"hostname":"DESKTOP-G8F9RK0","msg":"la tabla \"chat\" ya existe. no se realizaron cambios"}
{"level":40,"time":1677935453591,"pid":6528,"hostname":"DESKTOP-G8F9RK0","msg":"la tabla \"productos\" ya existe. no se realizaron cambios"}
{"level":40,"time":1677935453594,"pid":6528,"hostname":"DESKTOP-G8F9RK0","msg":"la tabla \"chat\" ya existe. no se realizaron cambios"}
{"level":40,"time":1677935529499,"pid":11792,"hostname":"DESKTOP-G8F9RK0","msg":"la tabla \"productos\" ya existe. no se realizaron cambios"}
{"level":40,"time":1677935529502,"pid":11792,"hostname":"DESKTOP-G8F9RK0","msg":"la tabla \"chat\" ya existe. no se realizaron cambios"}
{"level":40,"time":1677936348847,"pid":7472,"hostname":"DESKTOP-G8F9RK0","msg":"la tabla \"productos\" ya existe. no se realizaron cambios"}
{"level":40,"time":1677936348850,"pid":7472,"hostname":"DESKTOP-G8F9RK0","msg":"la tabla \"chat\" ya existe. no se realizaron cambios"}
{"level":40,"time":1677936747446,"pid":12268,"hostname":"DESKTOP-G8F9RK0","msg":"la tabla \"productos\" ya existe. no se realizaron cambios"}
{"level":40,"time":1677936747453,"pid":12268,"hostname":"DESKTOP-G8F9RK0","msg":"la tabla \"chat\" ya existe. no se realizaron cambios"}
{"level":50,"time":1677936770087,"pid":12268,"hostname":"DESKTOP-G8F9RK0","msg":"No hay usuario logueado"}
{"level":40,"time":1677936834718,"pid":9464,"hostname":"DESKTOP-G8F9RK0","msg":"la tabla \"productos\" ya existe. no se realizaron cambios"}
{"level":40,"time":1677936834722,"pid":9464,"hostname":"DESKTOP-G8F9RK0","msg":"la tabla \"chat\" ya existe. no se realizaron cambios"}
{"level":40,"time":1677936961016,"pid":2980,"hostname":"DESKTOP-G8F9RK0","msg":"la tabla \"productos\" ya existe. no se realizaron cambios"}
{"level":40,"time":1677936961019,"pid":2980,"hostname":"DESKTOP-G8F9RK0","msg":"la tabla \"chat\" ya existe. no se realizaron cambios"}
{"level":50,"time":1677936964427,"pid":2980,"hostname":"DESKTOP-G8F9RK0","msg":"usuario is not defined"}
{"level":40,"time":1677936999724,"pid":7284,"hostname":"DESKTOP-G8F9RK0","msg":"la tabla \"productos\" ya existe. no se realizaron cambios"}
{"level":40,"time":1677936999727,"pid":7284,"hostname":"DESKTOP-G8F9RK0","msg":"la tabla \"chat\" ya existe. no se realizaron cambios"}
{"level":40,"time":1677937116536,"pid":11456,"hostname":"DESKTOP-G8F9RK0","msg":"la tabla \"productos\" ya existe. no se realizaron cambios"}
{"level":40,"time":1677937116539,"pid":11456,"hostname":"DESKTOP-G8F9RK0","msg":"la tabla \"chat\" ya existe. no se realizaron cambios"}
{"level":40,"time":1677937203232,"pid":11696,"hostname":"DESKTOP-G8F9RK0","msg":"la tabla \"productos\" ya existe. no se realizaron cambios"}
{"level":40,"time":1677937203235,"pid":11696,"hostname":"DESKTOP-G8F9RK0","msg":"la tabla \"chat\" ya existe. no se realizaron cambios"}
{"level":40,"time":1677937371500,"pid":9356,"hostname":"DESKTOP-G8F9RK0","msg":"la tabla \"productos\" ya existe. no se realizaron cambios"}
{"level":40,"time":1677937371533,"pid":9356,"hostname":"DESKTOP-G8F9RK0","msg":"la tabla \"chat\" ya existe. no se realizaron cambios"}
{"level":40,"time":1677937404749,"pid":10152,"hostname":"DESKTOP-G8F9RK0","msg":"la tabla \"productos\" ya existe. no se realizaron cambios"}
{"level":40,"time":1677937404752,"pid":10152,"hostname":"DESKTOP-G8F9RK0","msg":"la tabla \"chat\" ya existe. no se realizaron cambios"}
{"level":40,"time":1677937493661,"pid":12132,"hostname":"DESKTOP-G8F9RK0","msg":"la tabla \"productos\" ya existe. no se realizaron cambios"}
{"level":40,"time":1677937493663,"pid":12132,"hostname":"DESKTOP-G8F9RK0","msg":"la tabla \"chat\" ya existe. no se realizaron cambios"}
{"level":40,"time":1677937537906,"pid":10204,"hostname":"DESKTOP-G8F9RK0","msg":"la tabla \"productos\" ya existe. no se realizaron cambios"}
{"level":40,"time":1677937537909,"pid":10204,"hostname":"DESKTOP-G8F9RK0","msg":"la tabla \"chat\" ya existe. no se realizaron cambios"}
{"level":40,"time":1677937574140,"pid":10844,"hostname":"DESKTOP-G8F9RK0","msg":"la tabla \"productos\" ya existe. no se realizaron cambios"}
{"level":40,"time":1677937574143,"pid":10844,"hostname":"DESKTOP-G8F9RK0","msg":"la tabla \"chat\" ya existe. no se realizaron cambios"}
{"level":40,"time":1677937608343,"pid":10972,"hostname":"DESKTOP-G8F9RK0","msg":"la tabla \"productos\" ya existe. no se realizaron cambios"}
{"level":40,"time":1677937608347,"pid":10972,"hostname":"DESKTOP-G8F9RK0","msg":"la tabla \"chat\" ya existe. no se realizaron cambios"}
{"level":40,"time":1677937688691,"pid":13416,"hostname":"DESKTOP-G8F9RK0","msg":"la tabla \"productos\" ya existe. no se realizaron cambios"}
{"level":40,"time":1677937688694,"pid":13416,"hostname":"DESKTOP-G8F9RK0","msg":"la tabla \"chat\" ya existe. no se realizaron cambios"}
{"level":50,"time":1677937692607,"pid":13416,"hostname":"DESKTOP-G8F9RK0","msg":"Cannot read properties of undefined (reading 'toArray')"}
{"level":40,"time":1677937718444,"pid":1140,"hostname":"DESKTOP-G8F9RK0","msg":"la tabla \"productos\" ya existe. no se realizaron cambios"}
{"level":40,"time":1677937718447,"pid":1140,"hostname":"DESKTOP-G8F9RK0","msg":"la tabla \"chat\" ya existe. no se realizaron cambios"}
{"level":40,"time":1677937753513,"pid":9836,"hostname":"DESKTOP-G8F9RK0","msg":"la tabla \"productos\" ya existe. no se realizaron cambios"}
{"level":40,"time":1677937753516,"pid":9836,"hostname":"DESKTOP-G8F9RK0","msg":"la tabla \"chat\" ya existe. no se realizaron cambios"}
{"level":40,"time":1677937771166,"pid":684,"hostname":"DESKTOP-G8F9RK0","msg":"la tabla \"productos\" ya existe. no se realizaron cambios"}
{"level":40,"time":1677937771169,"pid":684,"hostname":"DESKTOP-G8F9RK0","msg":"la tabla \"chat\" ya existe. no se realizaron cambios"}
{"level":40,"time":1677937812801,"pid":8788,"hostname":"DESKTOP-G8F9RK0","msg":"la tabla \"productos\" ya existe. no se realizaron cambios"}
{"level":40,"time":1677937812804,"pid":8788,"hostname":"DESKTOP-G8F9RK0","msg":"la tabla \"chat\" ya existe. no se realizaron cambios"}
{"level":40,"time":1677937894751,"pid":7552,"hostname":"DESKTOP-G8F9RK0","msg":"la tabla \"productos\" ya existe. no se realizaron cambios"}
{"level":40,"time":1677937894753,"pid":7552,"hostname":"DESKTOP-G8F9RK0","msg":"la tabla \"chat\" ya existe. no se realizaron cambios"}
{"level":40,"time":1677937958651,"pid":5624,"hostname":"DESKTOP-G8F9RK0","msg":"la tabla \"productos\" ya existe. no se realizaron cambios"}
{"level":40,"time":1677937958655,"pid":5624,"hostname":"DESKTOP-G8F9RK0","msg":"la tabla \"chat\" ya existe. no se realizaron cambios"}
{"level":40,"time":1677938022651,"pid":12212,"hostname":"DESKTOP-G8F9RK0","msg":"la tabla \"productos\" ya existe. no se realizaron cambios"}
{"level":40,"time":1677938022654,"pid":12212,"hostname":"DESKTOP-G8F9RK0","msg":"la tabla \"chat\" ya existe. no se realizaron cambios"}
{"level":40,"time":1677938291042,"pid":4852,"hostname":"DESKTOP-G8F9RK0","msg":"la tabla \"productos\" ya existe. no se realizaron cambios"}
{"level":40,"time":1677938291044,"pid":4852,"hostname":"DESKTOP-G8F9RK0","msg":"la tabla \"chat\" ya existe. no se realizaron cambios"}
{"level":40,"time":1677938316694,"pid":12316,"hostname":"DESKTOP-G8F9RK0","msg":"la tabla \"productos\" ya existe. no se realizaron cambios"}
{"level":40,"time":1677938316697,"pid":12316,"hostname":"DESKTOP-G8F9RK0","msg":"la tabla \"chat\" ya existe. no se realizaron cambios"}
{"level":40,"time":1677938391301,"pid":6608,"hostname":"DESKTOP-G8F9RK0","msg":"la tabla \"productos\" ya existe. no se realizaron cambios"}
{"level":40,"time":1677938391304,"pid":6608,"hostname":"DESKTOP-G8F9RK0","msg":"la tabla \"chat\" ya existe. no se realizaron cambios"}
{"level":40,"time":1677938438287,"pid":14020,"hostname":"DESKTOP-G8F9RK0","msg":"la tabla \"productos\" ya existe. no se realizaron cambios"}
{"level":40,"time":1677938438289,"pid":14020,"hostname":"DESKTOP-G8F9RK0","msg":"la tabla \"chat\" ya existe. no se realizaron cambios"}
{"level":40,"time":1677938487049,"pid":10316,"hostname":"DESKTOP-G8F9RK0","msg":"la tabla \"productos\" ya existe. no se realizaron cambios"}
{"level":40,"time":1677938487052,"pid":10316,"hostname":"DESKTOP-G8F9RK0","msg":"la tabla \"chat\" ya existe. no se realizaron cambios"}
{"level":40,"time":1677938560662,"pid":8080,"hostname":"DESKTOP-G8F9RK0","msg":"la tabla \"productos\" ya existe. no se realizaron cambios"}
{"level":40,"time":1677938560665,"pid":8080,"hostname":"DESKTOP-G8F9RK0","msg":"la tabla \"chat\" ya existe. no se realizaron cambios"}
{"level":50,"time":1677938565579,"pid":8080,"hostname":"DESKTOP-G8F9RK0","msg":"Cannot read properties of undefined (reading 'toArray')"}
{"level":40,"time":1677938602146,"pid":13984,"hostname":"DESKTOP-G8F9RK0","msg":"la tabla \"productos\" ya existe. no se realizaron cambios"}
{"level":40,"time":1677938602148,"pid":13984,"hostname":"DESKTOP-G8F9RK0","msg":"la tabla \"chat\" ya existe. no se realizaron cambios"}
{"level":40,"time":1677938665293,"pid":8852,"hostname":"DESKTOP-G8F9RK0","msg":"la tabla \"productos\" ya existe. no se realizaron cambios"}
{"level":40,"time":1677938665297,"pid":8852,"hostname":"DESKTOP-G8F9RK0","msg":"la tabla \"chat\" ya existe. no se realizaron cambios"}
{"level":40,"time":1677938726346,"pid":11148,"hostname":"DESKTOP-G8F9RK0","msg":"la tabla \"productos\" ya existe. no se realizaron cambios"}
{"level":40,"time":1677938726349,"pid":11148,"hostname":"DESKTOP-G8F9RK0","msg":"la tabla \"chat\" ya existe. no se realizaron cambios"}
{"level":50,"time":1677938729843,"pid":11148,"hostname":"DESKTOP-G8F9RK0"}
{"level":40,"time":1677938915528,"pid":7492,"hostname":"DESKTOP-G8F9RK0","msg":"la tabla \"productos\" ya existe. no se realizaron cambios"}
{"level":40,"time":1677938915531,"pid":7492,"hostname":"DESKTOP-G8F9RK0","msg":"la tabla \"chat\" ya existe. no se realizaron cambios"}
{"level":40,"time":1677938931907,"pid":7480,"hostname":"DESKTOP-G8F9RK0","msg":"la tabla \"productos\" ya existe. no se realizaron cambios"}
{"level":40,"time":1677938931910,"pid":7480,"hostname":"DESKTOP-G8F9RK0","msg":"la tabla \"chat\" ya existe. no se realizaron cambios"}
{"level":50,"time":1677938937851,"pid":7480,"hostname":"DESKTOP-G8F9RK0"}
{"level":40,"time":1677939030996,"pid":4144,"hostname":"DESKTOP-G8F9RK0","msg":"la tabla \"productos\" ya existe. no se realizaron cambios"}
{"level":40,"time":1677939030999,"pid":4144,"hostname":"DESKTOP-G8F9RK0","msg":"la tabla \"chat\" ya existe. no se realizaron cambios"}
{"level":50,"time":1677939035507,"pid":4144,"hostname":"DESKTOP-G8F9RK0"}
{"level":40,"time":1677939073768,"pid":12188,"hostname":"DESKTOP-G8F9RK0","msg":"la tabla \"productos\" ya existe. no se realizaron cambios"}
{"level":40,"time":1677939073771,"pid":12188,"hostname":"DESKTOP-G8F9RK0","msg":"la tabla \"chat\" ya existe. no se realizaron cambios"}
{"level":50,"time":1677939081038,"pid":12188,"hostname":"DESKTOP-G8F9RK0"}
{"level":40,"time":1677939117904,"pid":8852,"hostname":"DESKTOP-G8F9RK0","msg":"la tabla \"productos\" ya existe. no se realizaron cambios"}
{"level":40,"time":1677939117906,"pid":8852,"hostname":"DESKTOP-G8F9RK0","msg":"la tabla \"chat\" ya existe. no se realizaron cambios"}
{"level":40,"time":1677939138976,"pid":5980,"hostname":"DESKTOP-G8F9RK0","msg":"la tabla \"productos\" ya existe. no se realizaron cambios"}
{"level":40,"time":1677939138979,"pid":5980,"hostname":"DESKTOP-G8F9RK0","msg":"la tabla \"chat\" ya existe. no se realizaron cambios"}
{"level":50,"time":1677939142721,"pid":5980,"hostname":"DESKTOP-G8F9RK0"}
{"level":40,"time":1677939169469,"pid":11996,"hostname":"DESKTOP-G8F9RK0","msg":"la tabla \"productos\" ya existe. no se realizaron cambios"}
{"level":40,"time":1677939169471,"pid":11996,"hostname":"DESKTOP-G8F9RK0","msg":"la tabla \"chat\" ya existe. no se realizaron cambios"}
{"level":50,"time":1677939175262,"pid":11996,"hostname":"DESKTOP-G8F9RK0"}
{"level":40,"time":1677939200986,"pid":10068,"hostname":"DESKTOP-G8F9RK0","msg":"la tabla \"productos\" ya existe. no se realizaron cambios"}
{"level":40,"time":1677939200989,"pid":10068,"hostname":"DESKTOP-G8F9RK0","msg":"la tabla \"chat\" ya existe. no se realizaron cambios"}
{"level":50,"time":1677939206576,"pid":10068,"hostname":"DESKTOP-G8F9RK0"}
{"level":40,"time":1677939308652,"pid":12740,"hostname":"DESKTOP-G8F9RK0","msg":"la tabla \"productos\" ya existe. no se realizaron cambios"}
{"level":40,"time":1677939308656,"pid":12740,"hostname":"DESKTOP-G8F9RK0","msg":"la tabla \"chat\" ya existe. no se realizaron cambios"}
{"level":40,"time":1677939324237,"pid":9232,"hostname":"DESKTOP-G8F9RK0","msg":"la tabla \"productos\" ya existe. no se realizaron cambios"}
{"level":40,"time":1677939324240,"pid":9232,"hostname":"DESKTOP-G8F9RK0","msg":"la tabla \"chat\" ya existe. no se realizaron cambios"}
{"level":50,"time":1677939324947,"pid":9232,"hostname":"DESKTOP-G8F9RK0","msg":"No hay usuario logueado"}
{"level":50,"time":1677939341038,"pid":9232,"hostname":"DESKTOP-G8F9RK0"}
{"level":40,"time":1677939386924,"pid":7684,"hostname":"DESKTOP-G8F9RK0","msg":"la tabla \"productos\" ya existe. no se realizaron cambios"}
{"level":40,"time":1677939386927,"pid":7684,"hostname":"DESKTOP-G8F9RK0","msg":"la tabla \"chat\" ya existe. no se realizaron cambios"}
{"level":50,"time":1677939390556,"pid":7684,"hostname":"DESKTOP-G8F9RK0"}
{"level":40,"time":1677939418883,"pid":12676,"hostname":"DESKTOP-G8F9RK0","msg":"la tabla \"productos\" ya existe. no se realizaron cambios"}
{"level":40,"time":1677939418886,"pid":12676,"hostname":"DESKTOP-G8F9RK0","msg":"la tabla \"chat\" ya existe. no se realizaron cambios"}
{"level":50,"time":1677939422642,"pid":12676,"hostname":"DESKTOP-G8F9RK0"}
{"level":40,"time":1677939535049,"pid":7292,"hostname":"DESKTOP-G8F9RK0","msg":"la tabla \"productos\" ya existe. no se realizaron cambios"}
{"level":40,"time":1677939535052,"pid":7292,"hostname":"DESKTOP-G8F9RK0","msg":"la tabla \"chat\" ya existe. no se realizaron cambios"}
{"level":50,"time":1677939539459,"pid":7292,"hostname":"DESKTOP-G8F9RK0"}
{"level":40,"time":1677939590309,"pid":14328,"hostname":"DESKTOP-G8F9RK0","msg":"la tabla \"productos\" ya existe. no se realizaron cambios"}
{"level":40,"time":1677939590311,"pid":14328,"hostname":"DESKTOP-G8F9RK0","msg":"la tabla \"chat\" ya existe. no se realizaron cambios"}
{"level":50,"time":1677939597629,"pid":14328,"hostname":"DESKTOP-G8F9RK0"}
{"level":40,"time":1677939668580,"pid":7492,"hostname":"DESKTOP-G8F9RK0","msg":"la tabla \"productos\" ya existe. no se realizaron cambios"}
{"level":40,"time":1677939668583,"pid":7492,"hostname":"DESKTOP-G8F9RK0","msg":"la tabla \"chat\" ya existe. no se realizaron cambios"}
{"level":40,"time":1677939713135,"pid":11840,"hostname":"DESKTOP-G8F9RK0","msg":"la tabla \"productos\" ya existe. no se realizaron cambios"}
{"level":40,"time":1677939713138,"pid":11840,"hostname":"DESKTOP-G8F9RK0","msg":"la tabla \"chat\" ya existe. no se realizaron cambios"}
{"level":50,"time":1677939720716,"pid":11840,"hostname":"DESKTOP-G8F9RK0"}
{"level":40,"time":1677939774677,"pid":12560,"hostname":"DESKTOP-G8F9RK0","msg":"la tabla \"productos\" ya existe. no se realizaron cambios"}
{"level":40,"time":1677939774680,"pid":12560,"hostname":"DESKTOP-G8F9RK0","msg":"la tabla \"chat\" ya existe. no se realizaron cambios"}
{"level":50,"time":1677939778468,"pid":12560,"hostname":"DESKTOP-G8F9RK0"}
{"level":40,"time":1677939823280,"pid":1748,"hostname":"DESKTOP-G8F9RK0","msg":"la tabla \"productos\" ya existe. no se realizaron cambios"}
{"level":40,"time":1677939823282,"pid":1748,"hostname":"DESKTOP-G8F9RK0","msg":"la tabla \"chat\" ya existe. no se realizaron cambios"}
{"level":50,"time":1677939829332,"pid":1748,"hostname":"DESKTOP-G8F9RK0"}
{"level":40,"time":1677939907288,"pid":9492,"hostname":"DESKTOP-G8F9RK0","msg":"la tabla \"productos\" ya existe. no se realizaron cambios"}
{"level":40,"time":1677939907293,"pid":9492,"hostname":"DESKTOP-G8F9RK0","msg":"la tabla \"chat\" ya existe. no se realizaron cambios"}
{"level":40,"time":1677940744372,"pid":4292,"hostname":"DESKTOP-G8F9RK0","msg":"la tabla \"productos\" ya existe. no se realizaron cambios"}
{"level":40,"time":1677940744375,"pid":4292,"hostname":"DESKTOP-G8F9RK0","msg":"la tabla \"chat\" ya existe. no se realizaron cambios"}
{"level":40,"time":1677940779919,"pid":1116,"hostname":"DESKTOP-G8F9RK0","msg":"la tabla \"productos\" ya existe. no se realizaron cambios"}
{"level":40,"time":1677940779921,"pid":1116,"hostname":"DESKTOP-G8F9RK0","msg":"la tabla \"chat\" ya existe. no se realizaron cambios"}
{"level":50,"time":1677940784299,"pid":1116,"hostname":"DESKTOP-G8F9RK0","msg":"Cannot read properties of null (reading 'tipo_usuario')"}
{"level":40,"time":1677940895571,"pid":1116,"hostname":"DESKTOP-G8F9RK0","msg":"error: 403, descripcion:  ruta /api/products método POST no autorizada"}
{"level":40,"time":1677940954900,"pid":1116,"hostname":"DESKTOP-G8F9RK0","msg":"error: 403, descripcion:  ruta /api/products método POST no autorizada"}
{"level":40,"time":1677941129636,"pid":10352,"hostname":"DESKTOP-G8F9RK0","msg":"la tabla \"productos\" ya existe. no se realizaron cambios"}
{"level":40,"time":1677941129644,"pid":10352,"hostname":"DESKTOP-G8F9RK0","msg":"la tabla \"chat\" ya existe. no se realizaron cambios"}
{"level":40,"time":1677941197266,"pid":10352,"hostname":"DESKTOP-G8F9RK0","msg":"no se encontró producto con ese id (08a9b929-211d-4070-9715-bbd40fd1cf86)"}
{"level":40,"time":1677941267180,"pid":11916,"hostname":"DESKTOP-G8F9RK0","msg":"la tabla \"productos\" ya existe. no se realizaron cambios"}
{"level":40,"time":1677941267183,"pid":11916,"hostname":"DESKTOP-G8F9RK0","msg":"la tabla \"chat\" ya existe. no se realizaron cambios"}
{"level":40,"time":1677941579313,"pid":11128,"hostname":"DESKTOP-G8F9RK0","msg":"la tabla \"productos\" ya existe. no se realizaron cambios"}
{"level":40,"time":1677941579317,"pid":11128,"hostname":"DESKTOP-G8F9RK0","msg":"la tabla \"chat\" ya existe. no se realizaron cambios"}
{"level":40,"time":1677941835489,"pid":7900,"hostname":"DESKTOP-G8F9RK0","msg":"la tabla \"productos\" ya existe. no se realizaron cambios"}
{"level":40,"time":1677941835497,"pid":7900,"hostname":"DESKTOP-G8F9RK0","msg":"la tabla \"chat\" ya existe. no se realizaron cambios"}
{"level":40,"time":1677941892962,"pid":276,"hostname":"DESKTOP-G8F9RK0","msg":"la tabla \"productos\" ya existe. no se realizaron cambios"}
{"level":40,"time":1677941892964,"pid":276,"hostname":"DESKTOP-G8F9RK0","msg":"la tabla \"chat\" ya existe. no se realizaron cambios"}
{"level":40,"time":1677941989947,"pid":4320,"hostname":"DESKTOP-G8F9RK0","msg":"la tabla \"productos\" ya existe. no se realizaron cambios"}
{"level":40,"time":1677941989950,"pid":4320,"hostname":"DESKTOP-G8F9RK0","msg":"la tabla \"chat\" ya existe. no se realizaron cambios"}
{"level":40,"time":1677942071707,"pid":8600,"hostname":"DESKTOP-G8F9RK0","msg":"la tabla \"productos\" ya existe. no se realizaron cambios"}
{"level":40,"time":1677942071710,"pid":8600,"hostname":"DESKTOP-G8F9RK0","msg":"la tabla \"chat\" ya existe. no se realizaron cambios"}
{"level":40,"time":1677942265077,"pid":10468,"hostname":"DESKTOP-G8F9RK0","msg":"la tabla \"productos\" ya existe. no se realizaron cambios"}
{"level":40,"time":1677942265080,"pid":10468,"hostname":"DESKTOP-G8F9RK0","msg":"la tabla \"chat\" ya existe. no se realizaron cambios"}
{"level":40,"time":1677942375779,"pid":13012,"hostname":"DESKTOP-G8F9RK0","msg":"la tabla \"productos\" ya existe. no se realizaron cambios"}
{"level":40,"time":1677942375781,"pid":13012,"hostname":"DESKTOP-G8F9RK0","msg":"la tabla \"chat\" ya existe. no se realizaron cambios"}
{"level":40,"time":1677942556347,"pid":6844,"hostname":"DESKTOP-G8F9RK0","msg":"la tabla \"productos\" ya existe. no se realizaron cambios"}
{"level":40,"time":1677942556350,"pid":6844,"hostname":"DESKTOP-G8F9RK0","msg":"la tabla \"chat\" ya existe. no se realizaron cambios"}
{"level":40,"time":1677942951146,"pid":12984,"hostname":"DESKTOP-G8F9RK0","msg":"la tabla \"productos\" ya existe. no se realizaron cambios"}
{"level":40,"time":1677942951149,"pid":12984,"hostname":"DESKTOP-G8F9RK0","msg":"la tabla \"chat\" ya existe. no se realizaron cambios"}
{"level":50,"time":1677942960457,"pid":12984,"hostname":"DESKTOP-G8F9RK0","msg":"No hay usuario logueado"}
{"level":40,"time":1677943218652,"pid":12344,"hostname":"DESKTOP-G8F9RK0","msg":"la tabla \"productos\" ya existe. no se realizaron cambios"}
{"level":40,"time":1677943218654,"pid":12344,"hostname":"DESKTOP-G8F9RK0","msg":"la tabla \"chat\" ya existe. no se realizaron cambios"}
{"level":40,"time":1677943348726,"pid":2204,"hostname":"DESKTOP-G8F9RK0","msg":"la tabla \"productos\" ya existe. no se realizaron cambios"}
{"level":40,"time":1677943348729,"pid":2204,"hostname":"DESKTOP-G8F9RK0","msg":"la tabla \"chat\" ya existe. no se realizaron cambios"}
{"level":40,"time":1677943975430,"pid":1248,"hostname":"DESKTOP-G8F9RK0","msg":"la tabla \"productos\" ya existe. no se realizaron cambios"}
{"level":40,"time":1677943975434,"pid":1248,"hostname":"DESKTOP-G8F9RK0","msg":"la tabla \"chat\" ya existe. no se realizaron cambios"}
{"level":50,"time":1677943976407,"pid":1248,"hostname":"DESKTOP-G8F9RK0","msg":"No hay usuario logueado"}
{"level":40,"time":1677943988487,"pid":1248,"hostname":"DESKTOP-G8F9RK0","msg":"No hay usuario logueado"}
{"level":40,"time":1677944198443,"pid":2352,"hostname":"DESKTOP-G8F9RK0","msg":"la tabla \"productos\" ya existe. no se realizaron cambios"}
{"level":40,"time":1677944198446,"pid":2352,"hostname":"DESKTOP-G8F9RK0","msg":"la tabla \"chat\" ya existe. no se realizaron cambios"}
{"level":40,"time":1677945061624,"pid":1168,"hostname":"DESKTOP-G8F9RK0","msg":"la tabla \"productos\" ya existe. no se realizaron cambios"}
{"level":40,"time":1677945061627,"pid":1168,"hostname":"DESKTOP-G8F9RK0","msg":"la tabla \"chat\" ya existe. no se realizaron cambios"}
{"level":40,"time":1677945240948,"pid":1168,"hostname":"DESKTOP-G8F9RK0","msg":"No hay usuario logueado"}
{"level":40,"time":1677945312290,"pid":2744,"hostname":"DESKTOP-G8F9RK0","msg":"la tabla \"productos\" ya existe. no se realizaron cambios"}
{"level":40,"time":1677945312293,"pid":2744,"hostname":"DESKTOP-G8F9RK0","msg":"la tabla \"chat\" ya existe. no se realizaron cambios"}
{"level":40,"time":1677945352587,"pid":5588,"hostname":"DESKTOP-G8F9RK0","msg":"la tabla \"productos\" ya existe. no se realizaron cambios"}
{"level":40,"time":1677945352590,"pid":5588,"hostname":"DESKTOP-G8F9RK0","msg":"la tabla \"chat\" ya existe. no se realizaron cambios"}
{"level":40,"time":1677945385551,"pid":12000,"hostname":"DESKTOP-G8F9RK0","msg":"la tabla \"productos\" ya existe. no se realizaron cambios"}
{"level":40,"time":1677945385554,"pid":12000,"hostname":"DESKTOP-G8F9RK0","msg":"la tabla \"chat\" ya existe. no se realizaron cambios"}
{"level":40,"time":1677945884836,"pid":4372,"hostname":"DESKTOP-G8F9RK0","msg":"la tabla \"productos\" ya existe. no se realizaron cambios"}
{"level":40,"time":1677945884839,"pid":4372,"hostname":"DESKTOP-G8F9RK0","msg":"la tabla \"chat\" ya existe. no se realizaron cambios"}
{"level":40,"time":1677945944271,"pid":7088,"hostname":"DESKTOP-G8F9RK0","msg":"la tabla \"productos\" ya existe. no se realizaron cambios"}
{"level":40,"time":1677945944273,"pid":7088,"hostname":"DESKTOP-G8F9RK0","msg":"la tabla \"chat\" ya existe. no se realizaron cambios"}
{"level":40,"time":1677946428777,"pid":3136,"hostname":"DESKTOP-G8F9RK0","msg":"la tabla \"productos\" ya existe. no se realizaron cambios"}
{"level":40,"time":1677946428784,"pid":3136,"hostname":"DESKTOP-G8F9RK0","msg":"la tabla \"chat\" ya existe. no se realizaron cambios"}
{"level":50,"time":1677946519282,"pid":3136,"hostname":"DESKTOP-G8F9RK0","msg":"User Not Found with username martin.cueva@uner.edu.ar"}
{"level":40,"time":1677946709427,"pid":4576,"hostname":"DESKTOP-G8F9RK0","msg":"la tabla \"productos\" ya existe. no se realizaron cambios"}
{"level":40,"time":1677946709433,"pid":4576,"hostname":"DESKTOP-G8F9RK0","msg":"la tabla \"chat\" ya existe. no se realizaron cambios"}
{"level":50,"time":1677946720042,"pid":4576,"hostname":"DESKTOP-G8F9RK0","msg":"User already exists"}
{"level":50,"time":1677946782392,"pid":4576,"hostname":"DESKTOP-G8F9RK0","code":"EENVELOPE","command":"API","stack":"Error: No recipients defined\n    at SMTPConnection._formatError (C:\\Users\\Usuario\\Desktop\\2022\\CoderHouse\\04 - Backend Página\\18 - trabajo_final_tercer_entrega\\node_modules\\nodemailer\\lib\\smtp-connection\\index.js:790:19)\n    at SMTPConnection._setEnvelope (C:\\Users\\Usuario\\Desktop\\2022\\CoderHouse\\04 - Backend Página\\18 - trabajo_final_tercer_entrega\\node_modules\\nodemailer\\lib\\smtp-connection\\index.js:1007:34)\n    at SMTPConnection.send (C:\\Users\\Usuario\\Desktop\\2022\\CoderHouse\\04 - Backend Página\\18 - trabajo_final_tercer_entrega\\node_modules\\nodemailer\\lib\\smtp-connection\\index.js:621:14)\n    at sendMessage (C:\\Users\\Usuario\\Desktop\\2022\\CoderHouse\\04 - Backend Página\\18 - trabajo_final_tercer_entrega\\node_modules\\nodemailer\\lib\\smtp-transport\\index.js:228:28)\n    at C:\\Users\\Usuario\\Desktop\\2022\\CoderHouse\\04 - Backend Página\\18 - trabajo_final_tercer_entrega\\node_modules\\nodemailer\\lib\\smtp-transport\\index.js:286:25\n    at SMTPConnection._actionAUTHComplete (C:\\Users\\Usuario\\Desktop\\2022\\CoderHouse\\04 - Backend Página\\18 - trabajo_final_tercer_entrega\\node_modules\\nodemailer\\lib\\smtp-connection\\index.js:1562:9)\n    at SMTPConnection.<anonymous> (C:\\Users\\Usuario\\Desktop\\2022\\CoderHouse\\04 - Backend Página\\18 - trabajo_final_tercer_entrega\\node_modules\\nodemailer\\lib\\smtp-connection\\index.js:546:26)\n    at SMTPConnection._processResponse (C:\\Users\\Usuario\\Desktop\\2022\\CoderHouse\\04 - Backend Página\\18 - trabajo_final_tercer_entrega\\node_modules\\nodemailer\\lib\\smtp-connection\\index.js:953:20)\n    at SMTPConnection._onData (C:\\Users\\Usuario\\Desktop\\2022\\CoderHouse\\04 - Backend Página\\18 - trabajo_final_tercer_entrega\\node_modules\\nodemailer\\lib\\smtp-connection\\index.js:755:14)\n    at SMTPConnection._onSocketData (C:\\Users\\Usuario\\Desktop\\2022\\CoderHouse\\04 - Backend Página\\18 - trabajo_final_tercer_entrega\\node_modules\\nodemailer\\lib\\smtp-connection\\index.js:193:44)","type":"Error","msg":"No recipients defined"}
{"level":40,"time":1677946988406,"pid":6784,"hostname":"DESKTOP-G8F9RK0","msg":"la tabla \"productos\" ya existe. no se realizaron cambios"}
{"level":40,"time":1677946988411,"pid":6784,"hostname":"DESKTOP-G8F9RK0","msg":"la tabla \"chat\" ya existe. no se realizaron cambios"}
{"level":40,"time":1677947279534,"pid":7280,"hostname":"DESKTOP-G8F9RK0","msg":"la tabla \"productos\" ya existe. no se realizaron cambios"}
{"level":40,"time":1677947279537,"pid":7280,"hostname":"DESKTOP-G8F9RK0","msg":"la tabla \"chat\" ya existe. no se realizaron cambios"}
{"level":40,"time":1677947415424,"pid":6888,"hostname":"DESKTOP-G8F9RK0","msg":"la tabla \"productos\" ya existe. no se realizaron cambios"}
{"level":40,"time":1677947415427,"pid":6888,"hostname":"DESKTOP-G8F9RK0","msg":"la tabla \"chat\" ya existe. no se realizaron cambios"}
{"level":40,"time":1677947522847,"pid":12284,"hostname":"DESKTOP-G8F9RK0","msg":"la tabla \"productos\" ya existe. no se realizaron cambios"}
{"level":40,"time":1677947522850,"pid":12284,"hostname":"DESKTOP-G8F9RK0","msg":"la tabla \"chat\" ya existe. no se realizaron cambios"}
{"level":40,"time":1677947835801,"pid":6564,"hostname":"DESKTOP-G8F9RK0","msg":"la tabla \"productos\" ya existe. no se realizaron cambios"}
{"level":40,"time":1677947835804,"pid":6564,"hostname":"DESKTOP-G8F9RK0","msg":"la tabla \"chat\" ya existe. no se realizaron cambios"}
{"level":40,"time":1677948307843,"pid":4380,"hostname":"DESKTOP-G8F9RK0","msg":"la tabla \"productos\" ya existe. no se realizaron cambios"}
{"level":40,"time":1677948307846,"pid":4380,"hostname":"DESKTOP-G8F9RK0","msg":"la tabla \"chat\" ya existe. no se realizaron cambios"}
{"level":40,"time":1677948418413,"pid":4380,"hostname":"DESKTOP-G8F9RK0","msg":"error: 403, descripcion:  ruta /api/products/766964a1-fb93-44aa-893a-8941cd970390 método PUT no autorizada"}
{"level":40,"time":1677948467668,"pid":4380,"hostname":"DESKTOP-G8F9RK0","msg":"error: 403, descripcion:  ruta /api/products/766964a1-fb93-44aa-893a-8941cd970390 método PUT no autorizada"}
{"level":40,"time":1677948513068,"pid":4380,"hostname":"DESKTOP-G8F9RK0","msg":"error: 403, descripcion:  ruta /api/products/766964a1-fb93-44aa-893a-8941cd970390 método PUT no autorizada"}
{"level":40,"time":1677948536569,"pid":4380,"hostname":"DESKTOP-G8F9RK0","msg":"error: 403, descripcion:  ruta /api/products/766964a1-fb93-44aa-893a-8941cd970390 método PUT no autorizada"}
{"level":40,"time":1677948576077,"pid":4380,"hostname":"DESKTOP-G8F9RK0","msg":"error: 403, descripcion:  ruta /api/products método POST no autorizada"}
{"level":40,"time":1677948881392,"pid":4380,"hostname":"DESKTOP-G8F9RK0","msg":"error: 403, descripcion:  ruta /api/products/766964a1-fb93-44aa-893a-8941cd970390 método PUT no autorizada"}
{"level":40,"time":1677948915957,"pid":4380,"hostname":"DESKTOP-G8F9RK0","msg":"error: 403, descripcion:  ruta /api/products/766964a1-fb93-44aa-893a-8941cd970390 método DELETE no autorizada"}
{"level":40,"time":1677949076051,"pid":13220,"hostname":"DESKTOP-G8F9RK0","msg":"la tabla \"productos\" ya existe. no se realizaron cambios"}
{"level":40,"time":1677949076053,"pid":13220,"hostname":"DESKTOP-G8F9RK0","msg":"la tabla \"chat\" ya existe. no se realizaron cambios"}
{"level":40,"time":1677949119401,"pid":5596,"hostname":"DESKTOP-G8F9RK0","msg":"la tabla \"productos\" ya existe. no se realizaron cambios"}
{"level":40,"time":1677949119405,"pid":5596,"hostname":"DESKTOP-G8F9RK0","msg":"la tabla \"chat\" ya existe. no se realizaron cambios"}
{"level":40,"time":1677949226984,"pid":10836,"hostname":"DESKTOP-G8F9RK0","msg":"la tabla \"productos\" ya existe. no se realizaron cambios"}
{"level":40,"time":1677949226987,"pid":10836,"hostname":"DESKTOP-G8F9RK0","msg":"la tabla \"chat\" ya existe. no se realizaron cambios"}
{"level":40,"time":1677949297146,"pid":5740,"hostname":"DESKTOP-G8F9RK0","msg":"la tabla \"productos\" ya existe. no se realizaron cambios"}
{"level":40,"time":1677949297150,"pid":5740,"hostname":"DESKTOP-G8F9RK0","msg":"la tabla \"chat\" ya existe. no se realizaron cambios"}
{"level":40,"time":1677949430960,"pid":8020,"hostname":"DESKTOP-G8F9RK0","msg":"la tabla \"productos\" ya existe. no se realizaron cambios"}
{"level":40,"time":1677949430962,"pid":8020,"hostname":"DESKTOP-G8F9RK0","msg":"la tabla \"chat\" ya existe. no se realizaron cambios"}
{"level":40,"time":1677949564464,"pid":4328,"hostname":"DESKTOP-G8F9RK0","msg":"la tabla \"productos\" ya existe. no se realizaron cambios"}
{"level":40,"time":1677949564469,"pid":4328,"hostname":"DESKTOP-G8F9RK0","msg":"la tabla \"chat\" ya existe. no se realizaron cambios"}
{"level":40,"time":1677949670075,"pid":8636,"hostname":"DESKTOP-G8F9RK0","msg":"la tabla \"productos\" ya existe. no se realizaron cambios"}
{"level":40,"time":1677949670083,"pid":8636,"hostname":"DESKTOP-G8F9RK0","msg":"la tabla \"chat\" ya existe. no se realizaron cambios"}
{"level":40,"time":1677949744434,"pid":8636,"hostname":"DESKTOP-G8F9RK0","msg":"Producto inexistente"}
{"level":40,"time":1677949877648,"pid":17152,"hostname":"DESKTOP-G8F9RK0","msg":"la tabla \"productos\" ya existe. no se realizaron cambios"}
{"level":40,"time":1677949877669,"pid":17152,"hostname":"DESKTOP-G8F9RK0","msg":"la tabla \"chat\" ya existe. no se realizaron cambios"}
{"level":40,"time":1677950055235,"pid":5084,"hostname":"DESKTOP-G8F9RK0","msg":"la tabla \"productos\" ya existe. no se realizaron cambios"}
{"level":40,"time":1677950055241,"pid":5084,"hostname":"DESKTOP-G8F9RK0","msg":"la tabla \"chat\" ya existe. no se realizaron cambios"}
{"level":40,"time":1677950391678,"pid":6504,"hostname":"DESKTOP-G8F9RK0","msg":"la tabla \"productos\" ya existe. no se realizaron cambios"}
{"level":40,"time":1677950391681,"pid":6504,"hostname":"DESKTOP-G8F9RK0","msg":"la tabla \"chat\" ya existe. no se realizaron cambios"}
{"level":40,"time":1677950503573,"pid":17540,"hostname":"DESKTOP-G8F9RK0","msg":"la tabla \"productos\" ya existe. no se realizaron cambios"}
{"level":40,"time":1677950503577,"pid":17540,"hostname":"DESKTOP-G8F9RK0","msg":"la tabla \"chat\" ya existe. no se realizaron cambios"}
{"level":40,"time":1677950538622,"pid":18044,"hostname":"DESKTOP-G8F9RK0","msg":"la tabla \"productos\" ya existe. no se realizaron cambios"}
{"level":40,"time":1677950538625,"pid":18044,"hostname":"DESKTOP-G8F9RK0","msg":"la tabla \"chat\" ya existe. no se realizaron cambios"}
{"level":40,"time":1677950666799,"pid":7800,"hostname":"DESKTOP-G8F9RK0","msg":"la tabla \"productos\" ya existe. no se realizaron cambios"}
{"level":40,"time":1677950666803,"pid":7800,"hostname":"DESKTOP-G8F9RK0","msg":"la tabla \"chat\" ya existe. no se realizaron cambios"}
{"level":40,"time":1677950672301,"pid":7800,"hostname":"DESKTOP-G8F9RK0","msg":"no se encontró producto con ese id (62e1eab-8705-4f5e-a468-a1a18bfa278d)"}
{"level":40,"time":1677950713671,"pid":16164,"hostname":"DESKTOP-G8F9RK0","msg":"la tabla \"productos\" ya existe. no se realizaron cambios"}
{"level":40,"time":1677950713675,"pid":16164,"hostname":"DESKTOP-G8F9RK0","msg":"la tabla \"chat\" ya existe. no se realizaron cambios"}
{"level":40,"time":1677950717476,"pid":16164,"hostname":"DESKTOP-G8F9RK0","msg":"no se encontró producto con ese id (62e1eab-8705-4f5e-a468-a1a18bfa278d)"}
{"level":40,"time":1677950754914,"pid":16544,"hostname":"DESKTOP-G8F9RK0","msg":"la tabla \"productos\" ya existe. no se realizaron cambios"}
{"level":40,"time":1677950754918,"pid":16544,"hostname":"DESKTOP-G8F9RK0","msg":"la tabla \"chat\" ya existe. no se realizaron cambios"}
{"level":40,"time":1677950810046,"pid":16544,"hostname":"DESKTOP-G8F9RK0","msg":"no se encontró producto con ese id (62e1eab9-805-4f5e-a468-a1a18bfa278d)"}
{"level":40,"time":1677951364022,"pid":9764,"hostname":"DESKTOP-G8F9RK0","msg":"la tabla \"productos\" ya existe. no se realizaron cambios"}
{"level":40,"time":1677951364026,"pid":9764,"hostname":"DESKTOP-G8F9RK0","msg":"la tabla \"chat\" ya existe. no se realizaron cambios"}
{"level":40,"time":1677951378598,"pid":16084,"hostname":"DESKTOP-G8F9RK0","msg":"la tabla \"productos\" ya existe. no se realizaron cambios"}
{"level":40,"time":1677951378601,"pid":16084,"hostname":"DESKTOP-G8F9RK0","msg":"la tabla \"chat\" ya existe. no se realizaron cambios"}
{"level":40,"time":1677951415440,"pid":16100,"hostname":"DESKTOP-G8F9RK0","msg":"la tabla \"productos\" ya existe. no se realizaron cambios"}
{"level":40,"time":1677951415445,"pid":16100,"hostname":"DESKTOP-G8F9RK0","msg":"la tabla \"chat\" ya existe. no se realizaron cambios"}
{"level":40,"time":1677951563966,"pid":16100,"hostname":"DESKTOP-G8F9RK0","msg":"no se encontró carrito para el usuario (prueba30021@otmail.com)"}
{"level":40,"time":1677951613424,"pid":16100,"hostname":"DESKTOP-G8F9RK0","msg":"no se encontró producto con ese id (ef9cdf56-71a1-49f2-8385-55a776b4f7f)"}
{"level":40,"time":1677952212808,"pid":16804,"hostname":"DESKTOP-G8F9RK0","msg":"la tabla \"productos\" ya existe. no se realizaron cambios"}
{"level":40,"time":1677952212811,"pid":16804,"hostname":"DESKTOP-G8F9RK0","msg":"la tabla \"chat\" ya existe. no se realizaron cambios"}
{"level":40,"time":1677952874469,"pid":4744,"hostname":"DESKTOP-G8F9RK0","msg":"la tabla \"productos\" ya existe. no se realizaron cambios"}
{"level":40,"time":1677952874476,"pid":4744,"hostname":"DESKTOP-G8F9RK0","msg":"la tabla \"chat\" ya existe. no se realizaron cambios"}
{"level":40,"time":1677954459094,"pid":8372,"hostname":"DESKTOP-G8F9RK0","msg":"la tabla \"productos\" ya existe. no se realizaron cambios"}
{"level":40,"time":1677954459098,"pid":8372,"hostname":"DESKTOP-G8F9RK0","msg":"la tabla \"chat\" ya existe. no se realizaron cambios"}
{"level":40,"time":1677956178019,"pid":1028,"hostname":"DESKTOP-G8F9RK0","msg":"la tabla \"productos\" ya existe. no se realizaron cambios"}
{"level":40,"time":1677956178031,"pid":13664,"hostname":"DESKTOP-G8F9RK0","msg":"la tabla \"productos\" ya existe. no se realizaron cambios"}
{"level":40,"time":1677956178034,"pid":1028,"hostname":"DESKTOP-G8F9RK0","msg":"la tabla \"chat\" ya existe. no se realizaron cambios"}
{"level":40,"time":1677956178067,"pid":13664,"hostname":"DESKTOP-G8F9RK0","msg":"la tabla \"chat\" ya existe. no se realizaron cambios"}
{"level":40,"time":1677956267899,"pid":2680,"hostname":"DESKTOP-G8F9RK0","msg":"la tabla \"productos\" ya existe. no se realizaron cambios"}
{"level":40,"time":1677956267903,"pid":2680,"hostname":"DESKTOP-G8F9RK0","msg":"la tabla \"chat\" ya existe. no se realizaron cambios"}
{"level":40,"time":1677956267955,"pid":13656,"hostname":"DESKTOP-G8F9RK0","msg":"la tabla \"productos\" ya existe. no se realizaron cambios"}
{"level":40,"time":1677956267959,"pid":13656,"hostname":"DESKTOP-G8F9RK0","msg":"la tabla \"chat\" ya existe. no se realizaron cambios"}
{"level":40,"time":1677956287490,"pid":5264,"hostname":"DESKTOP-G8F9RK0","msg":"la tabla \"productos\" ya existe. no se realizaron cambios"}
{"level":40,"time":1677956287493,"pid":5264,"hostname":"DESKTOP-G8F9RK0","msg":"la tabla \"chat\" ya existe. no se realizaron cambios"}
{"level":40,"time":1677956301518,"pid":5264,"hostname":"DESKTOP-G8F9RK0","msg":"no se encontró producto con ese id (62e1eab9-8705-3f5e-a468-a1a18bfa278d)"}
{"level":40,"time":1677956393864,"pid":11028,"hostname":"DESKTOP-G8F9RK0","msg":"la tabla \"productos\" ya existe. no se realizaron cambios"}
{"level":40,"time":1677956393870,"pid":11028,"hostname":"DESKTOP-G8F9RK0","msg":"la tabla \"chat\" ya existe. no se realizaron cambios"}
{"level":40,"time":1677956452276,"pid":5704,"hostname":"DESKTOP-G8F9RK0","msg":"la tabla \"productos\" ya existe. no se realizaron cambios"}
{"level":40,"time":1677956452278,"pid":5704,"hostname":"DESKTOP-G8F9RK0","msg":"la tabla \"chat\" ya existe. no se realizaron cambios"}
{"level":40,"time":1677956502165,"pid":15412,"hostname":"DESKTOP-G8F9RK0","msg":"la tabla \"productos\" ya existe. no se realizaron cambios"}
{"level":40,"time":1677956502168,"pid":15412,"hostname":"DESKTOP-G8F9RK0","msg":"la tabla \"chat\" ya existe. no se realizaron cambios"}
{"level":50,"time":1677956520057,"pid":15412,"hostname":"DESKTOP-G8F9RK0","msg":"Unexpected token \n in JSON at position 194"}
{"level":40,"time":1677956784451,"pid":14064,"hostname":"DESKTOP-G8F9RK0","msg":"la tabla \"productos\" ya existe. no se realizaron cambios"}
{"level":40,"time":1677956784455,"pid":14064,"hostname":"DESKTOP-G8F9RK0","msg":"la tabla \"chat\" ya existe. no se realizaron cambios"}
{"level":40,"time":1677957294048,"pid":15844,"hostname":"DESKTOP-G8F9RK0","msg":"la tabla \"productos\" ya existe. no se realizaron cambios"}
{"level":40,"time":1677957294052,"pid":15844,"hostname":"DESKTOP-G8F9RK0","msg":"la tabla \"chat\" ya existe. no se realizaron cambios"}
{"level":40,"time":1677957328639,"pid":5696,"hostname":"DESKTOP-G8F9RK0","msg":"la tabla \"productos\" ya existe. no se realizaron cambios"}
{"level":40,"time":1677957328643,"pid":5696,"hostname":"DESKTOP-G8F9RK0","msg":"la tabla \"chat\" ya existe. no se realizaron cambios"}
{"level":40,"time":1677957420877,"pid":12728,"hostname":"DESKTOP-G8F9RK0","msg":"la tabla \"productos\" ya existe. no se realizaron cambios"}
{"level":40,"time":1677957420880,"pid":12728,"hostname":"DESKTOP-G8F9RK0","msg":"la tabla \"chat\" ya existe. no se realizaron cambios"}
{"level":40,"time":1677957604597,"pid":17336,"hostname":"DESKTOP-G8F9RK0","msg":"la tabla \"productos\" ya existe. no se realizaron cambios"}
{"level":40,"time":1677957604600,"pid":17336,"hostname":"DESKTOP-G8F9RK0","msg":"la tabla \"chat\" ya existe. no se realizaron cambios"}
{"level":40,"time":1677960133387,"pid":12608,"hostname":"DESKTOP-G8F9RK0","msg":"la tabla \"productos\" ya existe. no se realizaron cambios"}
{"level":40,"time":1677960133390,"pid":12608,"hostname":"DESKTOP-G8F9RK0","msg":"la tabla \"chat\" ya existe. no se realizaron cambios"}
{"level":40,"time":1677960200285,"pid":17240,"hostname":"DESKTOP-G8F9RK0","msg":"la tabla \"productos\" ya existe. no se realizaron cambios"}
{"level":40,"time":1677960200298,"pid":17240,"hostname":"DESKTOP-G8F9RK0","msg":"la tabla \"chat\" ya existe. no se realizaron cambios"}
{"level":40,"time":1677960261771,"pid":16952,"hostname":"DESKTOP-G8F9RK0","msg":"la tabla \"productos\" ya existe. no se realizaron cambios"}
{"level":40,"time":1677960261774,"pid":16952,"hostname":"DESKTOP-G8F9RK0","msg":"la tabla \"chat\" ya existe. no se realizaron cambios"}
{"level":50,"time":1677960272366,"pid":16952,"hostname":"DESKTOP-G8F9RK0","msg":"Unexpected token \n in JSON at position 25"}
{"level":40,"time":1677960347609,"pid":12392,"hostname":"DESKTOP-G8F9RK0","msg":"la tabla \"productos\" ya existe. no se realizaron cambios"}
{"level":40,"time":1677960347615,"pid":12392,"hostname":"DESKTOP-G8F9RK0","msg":"la tabla \"chat\" ya existe. no se realizaron cambios"}
{"level":50,"time":1677960374543,"pid":12392,"hostname":"DESKTOP-G8F9RK0","msg":"Unexpected string in JSON at position 49"}
{"level":40,"time":1677960445608,"pid":1384,"hostname":"DESKTOP-G8F9RK0","msg":"la tabla \"productos\" ya existe. no se realizaron cambios"}
{"level":40,"time":1677960445613,"pid":1384,"hostname":"DESKTOP-G8F9RK0","msg":"la tabla \"chat\" ya existe. no se realizaron cambios"}
{"level":40,"time":1677960546824,"pid":17348,"hostname":"DESKTOP-G8F9RK0","msg":"la tabla \"productos\" ya existe. no se realizaron cambios"}
{"level":40,"time":1677960546827,"pid":17348,"hostname":"DESKTOP-G8F9RK0","msg":"la tabla \"chat\" ya existe. no se realizaron cambios"}
{"level":40,"time":1677960645424,"pid":17536,"hostname":"DESKTOP-G8F9RK0","msg":"la tabla \"productos\" ya existe. no se realizaron cambios"}
{"level":40,"time":1677960645437,"pid":17536,"hostname":"DESKTOP-G8F9RK0","msg":"la tabla \"chat\" ya existe. no se realizaron cambios"}
{"level":40,"time":1677960783629,"pid":17444,"hostname":"DESKTOP-G8F9RK0","msg":"la tabla \"productos\" ya existe. no se realizaron cambios"}
{"level":40,"time":1677960783640,"pid":17444,"hostname":"DESKTOP-G8F9RK0","msg":"la tabla \"chat\" ya existe. no se realizaron cambios"}
{"level":40,"time":1677961053488,"pid":13088,"hostname":"DESKTOP-G8F9RK0","msg":"la tabla \"productos\" ya existe. no se realizaron cambios"}
{"level":40,"time":1677961053491,"pid":13088,"hostname":"DESKTOP-G8F9RK0","msg":"la tabla \"chat\" ya existe. no se realizaron cambios"}
{"level":40,"time":1677961255815,"pid":12316,"hostname":"DESKTOP-G8F9RK0","msg":"la tabla \"productos\" ya existe. no se realizaron cambios"}
{"level":40,"time":1677961255817,"pid":12316,"hostname":"DESKTOP-G8F9RK0","msg":"la tabla \"chat\" ya existe. no se realizaron cambios"}
{"level":40,"time":1677961262099,"pid":12316,"hostname":"DESKTOP-G8F9RK0","msg":"No hay usuario logueado"}
{"level":40,"time":1677961376125,"pid":15340,"hostname":"DESKTOP-G8F9RK0","msg":"la tabla \"productos\" ya existe. no se realizaron cambios"}
{"level":40,"time":1677961376129,"pid":15340,"hostname":"DESKTOP-G8F9RK0","msg":"la tabla \"chat\" ya existe. no se realizaron cambios"}
{"level":40,"time":1677961743084,"pid":7500,"hostname":"DESKTOP-G8F9RK0","msg":"la tabla \"productos\" ya existe. no se realizaron cambios"}
{"level":40,"time":1677961743092,"pid":7500,"hostname":"DESKTOP-G8F9RK0","msg":"la tabla \"chat\" ya existe. no se realizaron cambios"}
{"level":40,"time":1677961771554,"pid":16940,"hostname":"DESKTOP-G8F9RK0","msg":"la tabla \"productos\" ya existe. no se realizaron cambios"}
{"level":40,"time":1677961771561,"pid":16940,"hostname":"DESKTOP-G8F9RK0","msg":"la tabla \"chat\" ya existe. no se realizaron cambios"}
{"level":40,"time":1677961913139,"pid":11080,"hostname":"DESKTOP-G8F9RK0","msg":"la tabla \"productos\" ya existe. no se realizaron cambios"}
{"level":40,"time":1677961913168,"pid":11080,"hostname":"DESKTOP-G8F9RK0","msg":"la tabla \"chat\" ya existe. no se realizaron cambios"}
{"level":40,"time":1677961915748,"pid":11080,"hostname":"DESKTOP-G8F9RK0","msg":"No hay usuario logueado"}
{"level":40,"time":1677962054683,"pid":11080,"hostname":"DESKTOP-G8F9RK0","msg":"No hay productos en el carrito"}
{"level":40,"time":1677962502603,"pid":17400,"hostname":"DESKTOP-G8F9RK0","msg":"la tabla \"productos\" ya existe. no se realizaron cambios"}
{"level":40,"time":1677962502608,"pid":17400,"hostname":"DESKTOP-G8F9RK0","msg":"la tabla \"chat\" ya existe. no se realizaron cambios"}
{"level":40,"time":1677962506480,"pid":17400,"hostname":"DESKTOP-G8F9RK0","msg":"No hay productos en el carrito"}
{"level":40,"time":1677962539650,"pid":15520,"hostname":"DESKTOP-G8F9RK0","msg":"la tabla \"productos\" ya existe. no se realizaron cambios"}
{"level":40,"time":1677962539658,"pid":15520,"hostname":"DESKTOP-G8F9RK0","msg":"la tabla \"chat\" ya existe. no se realizaron cambios"}
{"level":40,"time":1677962666861,"pid":7864,"hostname":"DESKTOP-G8F9RK0","msg":"la tabla \"productos\" ya existe. no se realizaron cambios"}
{"level":40,"time":1677962666864,"pid":7864,"hostname":"DESKTOP-G8F9RK0","msg":"la tabla \"chat\" ya existe. no se realizaron cambios"}
{"level":40,"time":1677962869888,"pid":4984,"hostname":"DESKTOP-G8F9RK0","msg":"la tabla \"productos\" ya existe. no se realizaron cambios"}
{"level":40,"time":1677962869957,"pid":4984,"hostname":"DESKTOP-G8F9RK0","msg":"la tabla \"chat\" ya existe. no se realizaron cambios"}
{"level":40,"time":1677963066903,"pid":15200,"hostname":"DESKTOP-G8F9RK0","msg":"la tabla \"productos\" ya existe. no se realizaron cambios"}
{"level":40,"time":1677963066906,"pid":15200,"hostname":"DESKTOP-G8F9RK0","msg":"la tabla \"chat\" ya existe. no se realizaron cambios"}
{"level":40,"time":1677963141638,"pid":10888,"hostname":"DESKTOP-G8F9RK0","msg":"la tabla \"productos\" ya existe. no se realizaron cambios"}
{"level":40,"time":1677963141643,"pid":10888,"hostname":"DESKTOP-G8F9RK0","msg":"la tabla \"chat\" ya existe. no se realizaron cambios"}
